Copyright 1986-2019 Xilinx, Inc. All Rights Reserved.
-----------------------------------------------------------------------------------------------------------------------------
| Tool Version : Vivado v.2019.2.1 (win64) Build 2729669 Thu Dec  5 04:49:17 MST 2019
| Date         : Fri Nov 20 23:36:24 2020
| Host         : LAPTOP-GIO7NKTM running 64-bit major release  (build 9200)
| Command      : report_utilization -file design_1_wrapper_utilization_placed.rpt -pb design_1_wrapper_utilization_placed.pb
| Design       : design_1_wrapper
| Device       : xazu3egsfva625-1
| Design State : Fully Placed
-----------------------------------------------------------------------------------------------------------------------------

Utilization Design Information

Table of Contents
-----------------
1. CLB Logic
1.1 Summary of Registers by Type
2. CLB Logic Distribution
3. BLOCKRAM
4. ARITHMETIC
5. I/O
6. CLOCK
7. ADVANCED
8. CONFIGURATION
9. Primitives
10. Black Boxes
11. Instantiated Netlists

1. CLB Logic
------------

+----------------------------+------+-------+-----------+-------+
|          Site Type         | Used | Fixed | Available | Util% |
+----------------------------+------+-------+-----------+-------+
| CLB LUTs                   |  437 |     0 |     70560 |  0.62 |
|   LUT as Logic             |  371 |     0 |     70560 |  0.53 |
|   LUT as Memory            |   66 |     0 |     28800 |  0.23 |
|     LUT as Distributed RAM |    0 |     0 |           |       |
|     LUT as Shift Register  |   66 |     0 |           |       |
| CLB Registers              |  577 |     0 |    141120 |  0.41 |
|   Register as Flip Flop    |  577 |     0 |    141120 |  0.41 |
|   Register as Latch        |    0 |     0 |    141120 |  0.00 |
| CARRY8                     |    0 |     0 |      8820 |  0.00 |
| F7 Muxes                   |    0 |     0 |     35280 |  0.00 |
| F8 Muxes                   |    0 |     0 |     17640 |  0.00 |
| F9 Muxes                   |    0 |     0 |      8820 |  0.00 |
+----------------------------+------+-------+-----------+-------+


1.1 Summary of Registers by Type
--------------------------------

+-------+--------------+-------------+--------------+
| Total | Clock Enable | Synchronous | Asynchronous |
+-------+--------------+-------------+--------------+
| 0     |            _ |           - |            - |
| 0     |            _ |           - |          Set |
| 0     |            _ |           - |        Reset |
| 0     |            _ |         Set |            - |
| 0     |            _ |       Reset |            - |
| 0     |          Yes |           - |            - |
| 0     |          Yes |           - |          Set |
| 0     |          Yes |           - |        Reset |
| 23    |          Yes |         Set |            - |
| 554   |          Yes |       Reset |            - |
+-------+--------------+-------------+--------------+


2. CLB Logic Distribution
-------------------------

+--------------------------------------------+------+-------+-----------+-------+
|                  Site Type                 | Used | Fixed | Available | Util% |
+--------------------------------------------+------+-------+-----------+-------+
| CLB                                        |  112 |     0 |      8820 |  1.27 |
|   CLBL                                     |   64 |     0 |           |       |
|   CLBM                                     |   48 |     0 |           |       |
| LUT as Logic                               |  371 |     0 |     70560 |  0.53 |
|   using O5 output only                     |   21 |       |           |       |
|   using O6 output only                     |  212 |       |           |       |
|   using O5 and O6                          |  138 |       |           |       |
| LUT as Memory                              |   66 |     0 |     28800 |  0.23 |
|   LUT as Distributed RAM                   |    0 |     0 |           |       |
|   LUT as Shift Register                    |   66 |     0 |           |       |
|     using O5 output only                   |    0 |       |           |       |
|     using O6 output only                   |   58 |       |           |       |
|     using O5 and O6                        |    8 |       |           |       |
| CLB Registers                              |  577 |     0 |    141120 |  0.41 |
|   Register driven from within the CLB      |  324 |       |           |       |
|   Register driven from outside the CLB     |  253 |       |           |       |
|     LUT in front of the register is unused |  230 |       |           |       |
|     LUT in front of the register is used   |   23 |       |           |       |
| Unique Control Sets                        |   37 |       |     17640 |  0.21 |
+--------------------------------------------+------+-------+-----------+-------+
* Note: Available Control Sets calculated as CLB Registers / 8, Review the Control Sets Report for more information regarding control sets.


3. BLOCKRAM
-----------

+----------------+------+-------+-----------+-------+
|    Site Type   | Used | Fixed | Available | Util% |
+----------------+------+-------+-----------+-------+
| Block RAM Tile |    0 |     0 |       216 |  0.00 |
|   RAMB36/FIFO* |    0 |     0 |       216 |  0.00 |
|   RAMB18       |    0 |     0 |       432 |  0.00 |
+----------------+------+-------+-----------+-------+
* Note: Each Block RAM Tile only has one FIFO logic available and therefore can accommodate only one FIFO36E2 or one FIFO18E2. However, if a FIFO18E2 occupies a Block RAM Tile, that tile can still accommodate a RAMB18E2


4. ARITHMETIC
-------------

+-----------+------+-------+-----------+-------+
| Site Type | Used | Fixed | Available | Util% |
+-----------+------+-------+-----------+-------+
| DSPs      |    0 |     0 |       360 |  0.00 |
+-----------+------+-------+-----------+-------+


5. I/O
------

+------------------+------+-------+-----------+-------+
|     Site Type    | Used | Fixed | Available | Util% |
+------------------+------+-------+-----------+-------+
| Bonded IOB       |    4 |     4 |       180 |  2.22 |
| HPIOB_M          |    2 |     2 |        72 |  2.78 |
|   INPUT          |    0 |       |           |       |
|   OUTPUT         |    2 |       |           |       |
|   BIDIR          |    0 |       |           |       |
| HPIOB_S          |    2 |     2 |        72 |  2.78 |
|   INPUT          |    0 |       |           |       |
|   OUTPUT         |    2 |       |           |       |
|   BIDIR          |    0 |       |           |       |
| HDIOB_M          |    0 |     0 |        12 |  0.00 |
| HDIOB_S          |    0 |     0 |        12 |  0.00 |
| HPIOB_SNGL       |    0 |     0 |        12 |  0.00 |
| HPIOBDIFFINBUF   |    0 |     0 |        72 |  0.00 |
| HPIOBDIFFOUTBUF  |    0 |     0 |        72 |  0.00 |
| HDIOBDIFFINBUF   |    0 |     0 |        48 |  0.00 |
| BITSLICE_CONTROL |    0 |     0 |        24 |  0.00 |
| BITSLICE_RX_TX   |    0 |     0 |       156 |  0.00 |
| BITSLICE_TX      |    0 |     0 |        24 |  0.00 |
| RIU_OR           |    0 |     0 |        12 |  0.00 |
+------------------+------+-------+-----------+-------+


6. CLOCK
--------

+----------------------+------+-------+-----------+-------+
|       Site Type      | Used | Fixed | Available | Util% |
+----------------------+------+-------+-----------+-------+
| GLOBAL CLOCK BUFFERs |    1 |     0 |       196 |  0.51 |
|   BUFGCE             |    0 |     0 |        88 |  0.00 |
|   BUFGCE_DIV         |    0 |     0 |        12 |  0.00 |
|   BUFG_PS            |    1 |     0 |        72 |  1.39 |
|   BUFGCTRL*          |    0 |     0 |        24 |  0.00 |
| PLL                  |    0 |     0 |         6 |  0.00 |
| MMCM                 |    0 |     0 |         3 |  0.00 |
+----------------------+------+-------+-----------+-------+
* Note: Each used BUFGCTRL counts as two GLOBAL CLOCK BUFFERs. This table does not include global clocking resources, only buffer cell usage. See the Clock Utilization Report (report_clock_utilization) for detailed accounting of global clocking resource availability.


7. ADVANCED
-----------

+-----------+------+-------+-----------+--------+
| Site Type | Used | Fixed | Available |  Util% |
+-----------+------+-------+-----------+--------+
| PS8       |    1 |     0 |         1 | 100.00 |
| SYSMONE4  |    0 |     0 |         1 |   0.00 |
+-----------+------+-------+-----------+--------+


8. CONFIGURATION
----------------

+-------------+------+-------+-----------+-------+
|  Site Type  | Used | Fixed | Available | Util% |
+-------------+------+-------+-----------+-------+
| BSCANE2     |    0 |     0 |         4 |  0.00 |
| DNA_PORTE2  |    0 |     0 |         1 |  0.00 |
| EFUSE_USR   |    0 |     0 |         1 |  0.00 |
| FRAME_ECCE4 |    0 |     0 |         1 |  0.00 |
| ICAPE3      |    0 |     0 |         2 |  0.00 |
| MASTER_JTAG |    0 |     0 |         1 |  0.00 |
| STARTUPE3   |    0 |     0 |         1 |  0.00 |
+-------------+------+-------+-----------+-------+


9. Primitives
-------------

+----------+------+---------------------+
| Ref Name | Used | Functional Category |
+----------+------+---------------------+
| FDRE     |  554 |            Register |
| LUT3     |  185 |                 CLB |
| LUT6     |  133 |                 CLB |
| LUT5     |   73 |                 CLB |
| LUT4     |   63 |                 CLB |
| SRLC32E  |   49 |                 CLB |
| LUT2     |   44 |                 CLB |
| SRL16E   |   25 |                 CLB |
| FDSE     |   23 |            Register |
| LUT1     |   11 |                 CLB |
| OBUF     |    4 |                 I/O |
| PS8      |    1 |            Advanced |
| BUFG_PS  |    1 |               Clock |
+----------+------+---------------------+


10. Black Boxes
---------------

+----------+------+
| Ref Name | Used |
+----------+------+


11. Instantiated Netlists
-------------------------

+------------------------------+------+
|           Ref Name           | Used |
+------------------------------+------+
| design_1_zynq_ultra_ps_e_0_0 |    1 |
| design_1_proc_sys_reset_0_0  |    1 |
| design_1_axi_gpio_0_0        |    1 |
| design_1_auto_pc_0           |    1 |
+------------------------------+------+


