Copyright 1986-2019 Xilinx, Inc. All Rights Reserved.
----------------------------------------------------------------------------------------------------------------------------------------------------------------------
| Tool Version     : Vivado v.2019.2.1 (win64) Build 2729669 Thu Dec  5 04:49:17 MST 2019
| Date             : Fri Nov 20 23:37:01 2020
| Host             : LAPTOP-GIO7NKTM running 64-bit major release  (build 9200)
| Command          : report_power -file design_1_wrapper_power_routed.rpt -pb design_1_wrapper_power_summary_routed.pb -rpx design_1_wrapper_power_routed.rpx
| Design           : design_1_wrapper
| Device           : xazu3eg-sfva625-1-i
| Design State     : routed
| Grade            : industrial
| Process          : typical
| Characterization : Production
----------------------------------------------------------------------------------------------------------------------------------------------------------------------

Power Report

Table of Contents
-----------------
1. Summary
1.1 On-Chip Components
1.2 Power Supply Summary
1.3 Confidence Level
2. Settings
2.1 Environment
2.2 Clock Constraints
3. Detailed Reports
3.1 By Hierarchy

1. Summary
----------

+--------------------------+--------------+
| Total On-Chip Power (W)  | 2.135        |
| Design Power Budget (W)  | Unspecified* |
| Power Budget Margin (W)  | NA           |
| Dynamic (W)              | 1.817        |
| Device Static (W)        | 0.318        |
| Effective TJA (C/W)      | 2.4          |
| Max Ambient (C)          | 94.9         |
| Junction Temperature (C) | 30.1         |
| Confidence Level         | Medium       |
| Setting File             | ---          |
| Simulation Activity File | ---          |
| Design Nets Matched      | NA           |
+--------------------------+--------------+
* Specify Design Power Budget using, set_operating_conditions -design_power_budget <value in Watts>


1.1 On-Chip Components
----------------------

+-------------------------+-----------+----------+-----------+-----------------+
| On-Chip                 | Power (W) | Used     | Available | Utilization (%) |
+-------------------------+-----------+----------+-----------+-----------------+
| Clocks                  |     0.002 |        3 |       --- |             --- |
| CLB Logic               |     0.001 |     1217 |       --- |             --- |
|   LUT as Logic          |    <0.001 |      371 |     70560 |            0.53 |
|   LUT as Shift Register |    <0.001 |       66 |     28800 |            0.23 |
|   Register              |    <0.001 |      577 |    141120 |            0.41 |
|   Others                |     0.000 |       57 |       --- |             --- |
| Signals                 |     0.001 |      948 |       --- |             --- |
| I/O                     |     0.001 |        4 |       180 |            2.22 |
| PS8                     |     1.811 |        1 |       --- |             --- |
| Static Power            |     0.318 |          |           |                 |
|   PS Static             |     0.103 |          |           |                 |
|   PL Static             |     0.214 |          |           |                 |
| Total                   |     2.135 |          |           |                 |
+-------------------------+-----------+----------+-----------+-----------------+


1.2 Power Supply Summary
------------------------

+-----------------+-------------+-----------+-------------+------------+-------------+------------+
| Source          | Voltage (V) | Total (A) | Dynamic (A) | Static (A) | Budget (A)  | Margin (A) |
+-----------------+-------------+-----------+-------------+------------+-------------+------------+
| Vccint          |       0.850 |     0.058 |       0.006 |      0.053 | Unspecified | NA         |
| Vccint_io       |       0.850 |     0.027 |       0.000 |      0.027 | Unspecified | NA         |
| Vccbram         |       0.850 |     0.001 |       0.000 |      0.001 | Unspecified | NA         |
| Vccaux          |       1.800 |     0.048 |       0.000 |      0.048 | Unspecified | NA         |
| Vccaux_io       |       1.800 |     0.026 |       0.001 |      0.025 | Unspecified | NA         |
| Vcco33          |       3.300 |     0.000 |       0.000 |      0.000 | Unspecified | NA         |
| Vcco25          |       2.500 |     0.000 |       0.000 |      0.000 | Unspecified | NA         |
| Vcco18          |       1.800 |     0.000 |       0.000 |      0.000 | Unspecified | NA         |
| Vcco15          |       1.500 |     0.000 |       0.000 |      0.000 | Unspecified | NA         |
| Vcco135         |       1.350 |     0.000 |       0.000 |      0.000 | Unspecified | NA         |
| Vcco12          |       1.200 |     0.000 |       0.000 |      0.000 | Unspecified | NA         |
| Vcco10          |       1.000 |     0.000 |       0.000 |      0.000 | Unspecified | NA         |
| Vccadc          |       1.800 |     0.008 |       0.000 |      0.008 | Unspecified | NA         |
| VCC_PSINTFP     |       0.850 |     1.050 |       1.014 |      0.036 | Unspecified | NA         |
| VCC_PSINTLP     |       0.850 |     0.255 |       0.247 |      0.007 | Unspecified | NA         |
| VPS_MGTRAVCC    |       0.850 |     0.001 |       0.000 |      0.001 | Unspecified | NA         |
| VCC_PSINTFP_DDR |       0.850 |     0.399 |       0.395 |      0.005 | Unspecified | NA         |
| VCC_PSPLL       |       1.200 |     0.054 |       0.052 |      0.002 | Unspecified | NA         |
| VPS_MGTRAVTT    |       1.800 |     0.001 |       0.000 |      0.001 | Unspecified | NA         |
| VCCO_PSDDR_504  |       1.200 |     0.310 |       0.276 |      0.034 | Unspecified | NA         |
| VCC_PSAUX       |       1.800 |     0.002 |       0.000 |      0.002 | Unspecified | NA         |
| VCC_PSBATT      |       1.200 |     0.000 |       0.000 |      0.000 | Unspecified | NA         |
| VCC_PSDDR_PLL   |       1.800 |     0.001 |       0.000 |      0.001 | Unspecified | NA         |
| VCCO_PSIO0_500  |       3.300 |     0.004 |       0.003 |      0.001 | Unspecified | NA         |
| VCCO_PSIO1_501  |       3.300 |     0.001 |       0.000 |      0.001 | Unspecified | NA         |
| VCCO_PSIO2_502  |       3.300 |     0.001 |       0.000 |      0.001 | Unspecified | NA         |
| VCCO_PSIO3_503  |       3.300 |     0.001 |       0.000 |      0.001 | Unspecified | NA         |
| VCC_PSADC       |       1.800 |     0.002 |       0.000 |      0.002 | Unspecified | NA         |
+-----------------+-------------+-----------+-------------+------------+-------------+------------+


1.3 Confidence Level
--------------------

+-----------------------------+------------+------------------------------------------------+------------------------------------------------------------------------------------------------------------+
| User Input Data             | Confidence | Details                                        | Action                                                                                                     |
+-----------------------------+------------+------------------------------------------------+------------------------------------------------------------------------------------------------------------+
| Design implementation state | High       | Design is routed                               |                                                                                                            |
| Clock nodes activity        | High       | User specified more than 95% of clocks         |                                                                                                            |
| I/O nodes activity          | High       | User specified more than 95% of inputs         |                                                                                                            |
| Internal nodes activity     | Medium     | User specified less than 25% of internal nodes | Provide missing internal nodes activity with simulation results or by editing the "By Resource Type" views |
| Device models               | High       | Device models are Production                   |                                                                                                            |
|                             |            |                                                |                                                                                                            |
| Overall confidence level    | Medium     |                                                |                                                                                                            |
+-----------------------------+------------+------------------------------------------------+------------------------------------------------------------------------------------------------------------+


2. Settings
-----------

2.1 Environment
---------------

+-----------------------+--------------------------+
| Ambient Temp (C)      | 25.0                     |
| ThetaJA (C/W)         | 2.4                      |
| Airflow (LFM)         | 250                      |
| Heat Sink             | medium (Medium Profile)  |
| ThetaSA (C/W)         | 5.8                      |
| Board Selection       | medium (10"x10")         |
| # of Board Layers     | 12to15 (12 to 15 Layers) |
| Board Temperature (C) | 25.0                     |
+-----------------------+--------------------------+


2.2 Clock Constraints
---------------------

+----------+--------------------------------------------------------+-----------------+
| Clock    | Domain                                                 | Constraint (ns) |
+----------+--------------------------------------------------------+-----------------+
| clk_pl_0 | design_1_i/zynq_ultra_ps_e_0/inst/pl_clk_unbuffered[0] |            10.0 |
+----------+--------------------------------------------------------+-----------------+


3. Detailed Reports
-------------------

3.1 By Hierarchy
----------------

+------------------------+-----------+
| Name                   | Power (W) |
+------------------------+-----------+
| design_1_wrapper       |     1.817 |
|   design_1_i           |     1.816 |
|     axi_interconnect_0 |     0.004 |
|       s00_couplers     |     0.004 |
|     zynq_ultra_ps_e_0  |     1.811 |
|       inst             |     1.811 |
+------------------------+-----------+


